Used options are: threads:16 i:/tmp o:dada2_TP_pseudo_cons_166_112 s:oligo_GoHTrans_TP_plus_ctrls_DADA.txt f:166 r:112
Imported oligo_GoHTrans_TP_plus_ctrls_DADA.txt as PairedEndFastqManifestPhred33V2 to dada2_TP_pseudo_cons_166_112/paired-end-demux.qza
/gpfs/work5/0/actasoft/miseq/runs/ACTA121_Pilar_isohelix_oralbioborn/GoHTrans/DADA2/dada2_TP_pseudo_cons_166_112
Saved Visualization to: demux.qzv
Warning message:
package ‘optparse’ was built under R version 4.2.3 
R version 4.2.2 (2022-10-31) 
Loading required package: Rcpp
DADA2: 1.26.0 / Rcpp: 1.0.11 / RcppParallel: 5.1.6 
2) Filtering ..................................................................................................................................................................
3) Learning Error Rates
168140238 total bases in 1012893 reads from 63 samples will be used for learning the error rates.
113444016 total bases in 1012893 reads from 63 samples will be used for learning the error rates.
3) Denoise samples ..................................................................................................................................................................
  Pseudo-pool step ..................................................................................................................................................................
..................................................................................................................................................................
5) Remove chimeras (method = consensus)
6) Report read numbers through the pipeline
7) Write output
Running external command line application(s). This may print messages to stdout and/or stderr.
The command(s) being run are below. These commands cannot be manually re-run as they will depend on temporary files that no longer exist.

Command: run_dada.R --input_directory /scratch-local/actasoft.6032596/tmph1u90_4n/forward --input_directory_reverse /scratch-local/actasoft.6032596/tmph1u90_4n/reverse --output_path /scratch-local/actasoft.6032596/tmph1u90_4n/output.tsv.biom --output_track /scratch-local/actasoft.6032596/tmph1u90_4n/track.tsv --filtered_directory /scratch-local/actasoft.6032596/tmph1u90_4n/filt_f --filtered_directory_reverse /scratch-local/actasoft.6032596/tmph1u90_4n/filt_r --truncation_length 166 --truncation_length_reverse 112 --trim_left 0 --trim_left_reverse 0 --max_expected_errors 2.0 --max_expected_errors_reverse 2.0 --truncation_quality_score 2 --min_overlap 12 --pooling_method pseudo --chimera_method consensus --min_parental_fold 1.0 --allow_one_off False --num_threads 16 --learn_min_reads 1000000

Saved FeatureTable[Frequency] to: table.qza
Saved FeatureData[Sequence] to: rep-seqs.qza
Saved SampleData[DADA2Stats] to: denoising-stats.qza
Saved Visualization to: tabulated-faith-pd-metadata.qzv
Exported denoising-stats.qza as DADA2StatsDirFmt to directory denoise_stats_dir
Exported table.qza as BIOMV210DirFmt to directory raw_dada2_OTU_table
Exported rep-seqs.qza as DNASequencesDirectoryFormat to directory raw_dada2_OTU_table
Saved FeatureTable[Frequency] to: filtered-table.qza
Saved FeatureData[Sequence] to: filtered-rep-seqs.qza
Exported filtered-table.qza as BIOMV210DirFmt to directory filtered_dada2_OTU_table
Exported filtered-rep-seqs.qza as DNASequencesDirectoryFormat to directory filtered_dada2_OTU_table
